<?xml version="1.0" encoding="UTF-8"?>
<!-- Generated by org.testng.reporters.JUnitReportReporter -->
<testsuite skipped="0" hostname="m-c02xf1ncjgh7" name="test.page.factory.BlahBLahTest" tests="1" failures="0" timestamp="2020-07-19T20:22:20 PDT" time="0.012" errors="0">
  <testcase name="SampleTest" time="0.012" classname="test.page.factory.BlahBLahTest"/>
</testsuite> <!-- test.page.factory.BlahBLahTest -->
