<?xml version="1.0" encoding="UTF-8"?>
<!-- Generated by org.testng.reporters.JUnitReportReporter -->
<testsuite skipped="0" hostname="m-c02xf1ncjgh7" name="test.page.factory.Test99GuruLoginWithPageFactory" tests="1" failures="0" timestamp="2020-07-19T20:12:04 PDT" time="2.954" errors="0">
  <testcase name="test_Home_Page_Appear_Correct" time="2.954" classname="test.page.factory.Test99GuruLoginWithPageFactory"/>
</testsuite> <!-- test.page.factory.Test99GuruLoginWithPageFactory -->
