<?xml version="1.0" encoding="UTF-8"?>
<!-- Generated by org.testng.reporters.JUnitReportReporter -->
<testsuite skipped="0" hostname="m-c02xf1ncjgh7" name="test.Test99GuruLogin" tests="1" failures="0" timestamp="2020-07-19T20:01:08 PDT" time="4.733" errors="0">
  <testcase name="test_Home_Page_Appear_Correct" time="4.733" classname="test.Test99GuruLogin"/>
</testsuite> <!-- test.Test99GuruLogin -->
